Log file open, 01/30/20 17:01:09
LogWindows: Failed to load 'aqProf.dll' (GetLastError=126)
LogWindows: File 'aqProf.dll' does not exist
LogWindows: Failed to load 'VtuneApi.dll' (GetLastError=126)
LogWindows: File 'VtuneApi.dll' does not exist
LogWindows: Failed to load 'VtuneApi32e.dll' (GetLastError=126)
LogWindows: File 'VtuneApi32e.dll' does not exist
LogInit: Display: Running engine for game: MyDarckMistery
LogPlatformFile: Not using cached read wrapper
LogInit: Display: RandInit(-766951286) SRandInit(-766951286).
LogTaskGraph: Started task graph with 5 named threads and 14 total threads with 3 sets of task threads.
LogStats: Stats thread started at 0.185158
LogD3D11RHI: Aftermath initialized
LogPluginManager: Mounting plugin Paper2D
LogPluginManager: Mounting plugin LightPropagationVolume
LogPluginManager: Mounting plugin CodeLiteSourceCodeAccess
LogPluginManager: Mounting plugin GitSourceControl
LogPluginManager: Mounting plugin KDevelopSourceCodeAccess
LogPluginManager: Mounting plugin NullSourceCodeAccess
LogPluginManager: Mounting plugin PerforceSourceControl
LogPluginManager: Mounting plugin SubversionSourceControl
LogPluginManager: Mounting plugin UObjectPlugin
LogPluginManager: Mounting plugin VisualStudioSourceCodeAccess
LogPluginManager: Mounting plugin XCodeSourceCodeAccess
LogPluginManager: Mounting plugin AssetManagerEditor
LogPluginManager: Mounting plugin AudioCapture
LogPluginManager: Mounting plugin FacialAnimation
LogPluginManager: Mounting plugin GameplayTagsEditor
LogPluginManager: Mounting plugin MobileLauncherProfileWizard
LogPluginManager: Mounting plugin PluginBrowser
LogPluginManager: Mounting plugin SpeedTreeImporter
LogPluginManager: Mounting plugin AlembicImporter
LogPluginManager: Mounting plugin CharacterAI
LogPluginManager: Mounting plugin HTML5Networking
LogPluginManager: Mounting plugin AndroidMedia
LogPluginManager: Mounting plugin AvfMedia
LogPluginManager: Mounting plugin MediaPlayerEditor
LogPluginManager: Mounting plugin WmfMedia
LogPluginManager: Mounting plugin TcpMessaging
LogPluginManager: Mounting plugin UdpMessaging
LogPluginManager: Mounting plugin LevelSequenceEditor
LogPluginManager: Mounting plugin MatineeToLevelSequence
LogPluginManager: Mounting plugin OnlineSubsystemGooglePlay
LogPluginManager: Mounting plugin OnlineSubsystemIOS
LogPluginManager: Mounting plugin OnlineSubsystem
LogPluginManager: Mounting plugin OnlineSubsystemNull
LogPluginManager: Mounting plugin OnlineSubsystemUtils
LogPluginManager: Mounting plugin AndroidDeviceProfileSelector
LogPluginManager: Mounting plugin AndroidMoviePlayer
LogPluginManager: Mounting plugin AndroidPermission
LogPluginManager: Mounting plugin AppleMoviePlayer
LogPluginManager: Mounting plugin ArchVisCharacter
LogPluginManager: Mounting plugin CableComponent
LogPluginManager: Mounting plugin CustomMeshComponent
LogPluginManager: Mounting plugin ExampleDeviceProfileSelector
LogPluginManager: Mounting plugin GoogleCloudMessaging
LogPluginManager: Mounting plugin ImmediatePhysics
LogPluginManager: Mounting plugin IOSDeviceProfileSelector
LogPluginManager: Mounting plugin LinuxDeviceProfileSelector
LogPluginManager: Mounting plugin LocationServicesBPLibrary
LogPluginManager: Mounting plugin MobilePatchingUtils
LogPluginManager: Mounting plugin OculusVR
LogPluginManager: Mounting plugin PhysXVehicles
LogPluginManager: Mounting plugin ProceduralMeshComponent
LogPluginManager: Mounting plugin RuntimePhysXCooking
LogPluginManager: Mounting plugin SteamVR
LogPluginManager: Mounting plugin WindowsMoviePlayer
LogInit: Using libcurl 7.47.1
LogInit:  - built for x86_64-pc-win32
LogInit:  - supports SSL with OpenSSL/1.0.2g
LogInit:  - supports HTTP deflate (compression) using libz 1.2.8
LogInit:  - other features:
LogInit:      CURL_VERSION_SSL
LogInit:      CURL_VERSION_LIBZ
LogInit:      CURL_VERSION_IPV6
LogInit:      CURL_VERSION_ASYNCHDNS
LogInit:      CURL_VERSION_LARGEFILE
LogInit:      CURL_VERSION_IDN
LogInit:  CurlRequestOptions (configurable via config and command line):
LogInit:  - bVerifyPeer = false  - Libcurl will NOT verify peer certificate
LogInit:  - bUseHttpProxy = false  - Libcurl will NOT use HTTP proxy
LogInit:  - bDontReuseConnections = false  - Libcurl will reuse connections
LogInit:  - CertBundlePath = nullptr  - Libcurl will use whatever was configured at build time.
LogInit: Build: ++UE4+Release-4.17-CL-3658906
LogInit: Engine Version: 4.17.2-3658906+++UE4+Release-4.17
LogInit: Compatible Engine Version: 4.17.0-3573198+++UE4+Release-4.17
LogInit: Net CL: 3573198
LogDevObjectVersion: Number of dev versions registered: 16
LogDevObjectVersion:   Dev-Blueprints (B0D832E4-1F89-4F0D-ACCF-7EB736FD4AA2): 10
LogDevObjectVersion:   Dev-Build (E1C64328-A22C-4D53-A36C-8E866417BD8C): 0
LogDevObjectVersion:   Dev-Core (375EC13C-06E4-48FB-B500-84F0262A717E): 2
LogDevObjectVersion:   Dev-Editor (E4B068ED-F494-42E9-A231-DA0B2E46BB41): 20
LogDevObjectVersion:   Dev-Framework (CFFC743F-43B0-4480-9391-14DF171D2073): 28
LogDevObjectVersion:   Dev-Mobile (B02B49B5-BB20-44E9-A304-32B752E40360): 0
LogDevObjectVersion:   Dev-Networking (A4E4105C-59A1-49B5-A7C5-40C4547EDFEE): 0
LogDevObjectVersion:   Dev-Online (39C831C9-5AE6-47DC-9A44-9C173E1C8E7C): 0
LogDevObjectVersion:   Dev-Physics (78F01B33-EBEA-4F98-B9B4-84EACCB95AA2): 0
LogDevObjectVersion:   Dev-Platform (6631380F-2D4D-43E0-8009-CF276956A95A): 0
LogDevObjectVersion:   Dev-Rendering (12F88B9F-8875-4AFC-A67C-D90C383ABD29): 19
LogDevObjectVersion:   Dev-Sequencer (7B5AE74C-D270-4C10-A958-57980B212A5A): 4
LogDevObjectVersion:   Dev-VR (D7296918-1DD6-4BDD-9DE2-64A83CC13884): 0
LogDevObjectVersion:   Dev-LoadTimes (C2A15278-BFE7-4AFE-6C17-90FF531DF755): 1
LogDevObjectVersion:   Private-Geometry (6EACA3D4-40EC-4CC1-B786-8BED09428FC5): 1
LogDevObjectVersion:   Dev-AnimPhys (29E575DD-E0A3-4627-9D10-D276232CDCEA): 7
LogInit: Compiled (64-bit): Sep 22 2017 13:47:16
LogInit: Compiled with Visual C++: 19.00.24215.01
LogInit: Build Configuration: Development
LogInit: Branch Name: ++UE4+Release-4.17
LogInit: Command line:  
LogInit: Base directory: C:/Program Files/Epic Games/UE_4.17/Engine/Binaries/Win64/
LogInit: Installed Engine Build: 1
LogFileManager: Warning: Error deleting file: ../../../../../../MyDM 4.15 - 2 4.17 - 2/Saved/Logs/MyDarckMistery-backup-2020.01.28-17.23.24.log (Error Code 2)
LogInit: Presizing for max 8388607 objects, including 0 objects not considered by GC, pre-allocating 0 bytes for permanent pool.
LogInit: Object subsystem initialized
[2020.01.30-14.01.12:324][  0]LogInit: Selected Device Profile: [Windows]
[2020.01.30-14.01.12:324][  0]LogInit: Applying CVar settings loaded from the selected device profile: [Windows]
[2020.01.30-14.01.12:360][  0]LogConfig: Warning: Failed to saved backup for config[DeviceProfiles]
[2020.01.30-14.01.12:454][  0]LogInit: Computer: USERPC
[2020.01.30-14.01.12:454][  0]LogInit: User: user
[2020.01.30-14.01.12:454][  0]LogInit: CPU Page size=4096, Cores=4
[2020.01.30-14.01.12:454][  0]LogInit: High frequency timer resolution =3.328300 MHz
[2020.01.30-14.01.12:454][  0]LogMemory: Memory total: Physical=8.0GB (8GB approx)
[2020.01.30-14.01.12:460][  0]LogMemory: Platform Memory Stats for Windows
[2020.01.30-14.01.12:460][  0]LogMemory: Process Physical Memory: 281.93 MB used, 281.93 MB peak
[2020.01.30-14.01.12:460][  0]LogMemory: Process Virtual Memory: 281.45 MB used, 281.45 MB peak
[2020.01.30-14.01.12:460][  0]LogMemory: Physical Memory: 4521.50 MB used,  3623.02 MB free, 8144.52 MB total
[2020.01.30-14.01.12:460][  0]LogMemory: Virtual Memory: 662.79 MB used,  3623.02 MB free, 8388608.00 MB total
[2020.01.30-14.01.15:823][  0]LogInit: Using OS detected language (ru-RU).
[2020.01.30-14.01.15:823][  0]LogInit: Using OS detected locale (ru-RU).
[2020.01.30-14.01.16:147][  0]LogTextLocalizationManager: No localization for 'ru-RU' exists, so 'en' will be used for the language.
[2020.01.30-14.01.16:148][  0]LogTextLocalizationManager: No localization for 'ru-RU' exists, so 'en' will be used for the locale.
[2020.01.30-14.01.25:127][  0]LogD3D11RHI: D3D11 adapters:
[2020.01.30-14.01.25:252][  0]LogD3D11RHI:    0. 'NVIDIA GeForce GTX 1070' (Feature Level 11_0)
[2020.01.30-14.01.25:252][  0]LogD3D11RHI:       8077/0/3816 MB DedicatedVideo/DedicatedSystem/SharedSystem, Outputs:1, VendorId:0x10de
[2020.01.30-14.01.25:253][  0]LogD3D11RHI: Chosen D3D11 Adapter: 0
[2020.01.30-14.01.25:262][  0]LogD3D11RHI: Creating new Direct3DDevice
[2020.01.30-14.01.25:262][  0]LogD3D11RHI:     GPU DeviceId: 0x1b81 (for the marketing name, search the web for "GPU Device Id")
[2020.01.30-14.01.25:262][  0]LogWindows: EnumDisplayDevices:
[2020.01.30-14.01.25:263][  0]LogWindows:    0. 'NVIDIA GeForce GTX 1070' (P:1 D:1)
[2020.01.30-14.01.25:263][  0]LogWindows:    1. 'NVIDIA GeForce GTX 1070' (P:0 D:0)
[2020.01.30-14.01.25:264][  0]LogWindows:    2. 'NVIDIA GeForce GTX 1070' (P:0 D:0)
[2020.01.30-14.01.25:264][  0]LogWindows:    3. 'NVIDIA GeForce GTX 1070' (P:0 D:0)
[2020.01.30-14.01.25:265][  0]LogWindows:    4. 'RDPDD Chained DD' (P:0 D:0)
[2020.01.30-14.01.25:265][  0]LogWindows:    5. 'RDP Encoder Mirror Driver' (P:0 D:0)
[2020.01.30-14.01.25:266][  0]LogWindows:    6. 'RDP Reflector Display Driver' (P:0 D:0)
[2020.01.30-14.01.25:266][  0]LogWindows: DebugString: GetVideoDriverDetailsInvalid PrimaryIsNotTheChoosenAdapter GetVideoDriverDetailsInvalid PrimaryIsNotTheChoosenAdapter GetVideoDriverDetailsInvalid PrimaryIsNotTheChoosenAdapter FoundDriverCount:4 
[2020.01.30-14.01.25:266][  0]LogD3D11RHI:     Adapter Name: NVIDIA GeForce GTX 1070
[2020.01.30-14.01.25:267][  0]LogD3D11RHI:   Driver Version: 441.41 (internal:26.21.14.4141, unified:441.41)
[2020.01.30-14.01.25:267][  0]LogD3D11RHI:      Driver Date: 11-20-2019
[2020.01.30-14.01.25:267][  0]LogRHI: Texture pool is 1361 MB (70% of 1945 MB)
[2020.01.30-14.01.25:420][  0]LogD3D11RHI: Async texture creation enabled
[2020.01.30-14.01.25:822][  0]LogD3D11RHI: GPU Timing Frequency: 1000.000000 (Debug: 2 2)
[2020.01.30-14.01.25:931][  0]LogShaderCompilers: Guid format shader working directory is 5 characters bigger than the processId version (../../../../../../MyDM 4.15 - 2 4.17 - 2/Intermediate/Shaders/WorkingDirectory/8020/).
[2020.01.30-14.01.25:931][  0]LogShaderCompilers: Cleaned the shader compiler working directory 'C:/Users/user/AppData/Local/Temp/UnrealShaderWorkingDir/8660C571496E0A207CBF07839E079F32/'.
[2020.01.30-14.01.25:948][  0]LogShaderCompilers: Display: Using Local Shader Compiler.
[2020.01.30-14.01.30:849][  0]LogTemp: Display: Loaded TP AllDesktopTargetPlatform
[2020.01.30-14.01.30:989][  0]LogTemp: Display: Loaded TP MacClientTargetPlatform
[2020.01.30-14.01.31:129][  0]LogTemp: Display: Loaded TP MacNoEditorTargetPlatform
[2020.01.30-14.01.31:278][  0]LogTemp: Display: Loaded TP MacServerTargetPlatform
[2020.01.30-14.01.31:440][  0]LogTemp: Display: Loaded TP MacTargetPlatform
[2020.01.30-14.01.31:656][  0]LogTemp: Display: Loaded TP WindowsClientTargetPlatform
[2020.01.30-14.01.31:799][  0]LogTemp: Display: Loaded TP WindowsNoEditorTargetPlatform
[2020.01.30-14.01.31:940][  0]LogTemp: Display: Loaded TP WindowsServerTargetPlatform
[2020.01.30-14.01.32:102][  0]LogTemp: Display: Loaded TP WindowsTargetPlatform
[2020.01.30-14.01.32:304][  0]LogTemp: Display: Loaded TP AndroidTargetPlatform
[2020.01.30-14.01.32:443][  0]LogTemp: Display: Loaded TP Android_ASTCTargetPlatform
[2020.01.30-14.01.32:577][  0]LogTemp: Display: Loaded TP Android_ATCTargetPlatform
[2020.01.30-14.01.32:718][  0]LogTemp: Display: Loaded TP Android_DXTTargetPlatform
[2020.01.30-14.01.32:855][  0]LogTemp: Display: Loaded TP Android_ETC1TargetPlatform
[2020.01.30-14.01.32:994][  0]LogTemp: Display: Loaded TP Android_ETC2TargetPlatform
[2020.01.30-14.01.33:277][  0]LogTemp: Display: Loaded TP Android_MultiTargetPlatform
[2020.01.30-14.01.33:277][  0]LogTemp: Display: Loaded TP Android_PVRTCTargetPlatform
[2020.01.30-14.01.33:400][  0]LogTemp: Display: Loaded TP HTML5TargetPlatform
[2020.01.30-14.01.33:674][  0]LogTemp: Display: Loaded TP IOSTargetPlatform
[2020.01.30-14.01.33:753][  0]LogTemp: Display: Loaded TP TVOSTargetPlatform
[2020.01.30-14.01.33:902][  0]LogTemp: Display: Loaded TP LinuxClientTargetPlatform
[2020.01.30-14.01.34:049][  0]LogTemp: Display: Loaded TP LinuxNoEditorTargetPlatform
[2020.01.30-14.01.34:199][  0]LogTemp: Display: Loaded TP LinuxServerTargetPlatform
[2020.01.30-14.01.34:339][  0]LogTemp: Display: Loaded TP LinuxTargetPlatform
[2020.01.30-14.01.34:339][  0]LogTargetPlatformManager: Display: Building Assets For Windows
[2020.01.30-14.01.36:910][  0]LogDerivedDataCache: Display: Max Cache Size: 512 MB
[2020.01.30-14.01.38:047][  0]LogDerivedDataCache: Loaded boot cache 1.08s 92MB C:/Users/user/AppData/Local/UnrealEngine/4.17/DerivedDataCache/Boot.ddc.
[2020.01.30-14.01.38:047][  0]LogDerivedDataCache: Display: Loaded Boot cache: C:/Users/user/AppData/Local/UnrealEngine/4.17/DerivedDataCache/Boot.ddc
[2020.01.30-14.01.38:048][  0]LogDerivedDataCache: FDerivedDataBackendGraph:  Pak pak cache file ../../../../../../MyDM 4.15 - 2 4.17 - 2/DerivedDataCache/DDC.ddp not found, will not use a pak cache.
[2020.01.30-14.01.38:048][  0]LogDerivedDataCache: Unable to find inner node Pak for hierarchical cache Hierarchy.
[2020.01.30-14.01.38:048][  0]LogDerivedDataCache: FDerivedDataBackendGraph:  CompressedPak pak cache file ../../../../../../MyDM 4.15 - 2 4.17 - 2/DerivedDataCache/Compressed.ddp not found, will not use a pak cache.
[2020.01.30-14.01.38:048][  0]LogDerivedDataCache: Unable to find inner node CompressedPak for hierarchical cache Hierarchy.
[2020.01.30-14.01.38:223][  0]LogDerivedDataCache: Display: Pak cache opened for reading ../../../Engine/DerivedDataCache/Compressed.ddp.
[2020.01.30-14.01.38:235][  0]LogDerivedDataCache: Using Local data cache path C:/Users/user/AppData/Local/UnrealEngine/Common/DerivedDataCache: Writable
[2020.01.30-14.01.38:460][  0]LogMaterial: Verifying Global Shaders for PCD3D_SM5
[2020.01.30-14.01.38:494][  0]LogSlate: Using Freetype 2.6.0
[2020.01.30-14.01.38:566][  0]LogSlate: SlateFontCache - WITH_FREETYPE: 1, WITH_HARFBUZZ: 1
[2020.01.30-14.01.38:575][  0]LogSlate: SlateFontCache - WITH_FREETYPE: 1, WITH_HARFBUZZ: 1
[2020.01.30-14.01.46:149][  0]LogAssetRegistry: FAssetRegistry took 0.0530 seconds to start up
[2020.01.30-14.01.50:187][  0]LogInit: Selected Device Profile: [Windows]
[2020.01.30-14.01.50:431][  0]LogContentStreaming: Texture pool size is 0.00 MB
[2020.01.30-14.01.55:556][  0]LogSimplygon: Simplygon DLL not present - disabling.
[2020.01.30-14.01.55:826][  0]LogMeshReduction: Using SimplygonSwarm for distributed automatic mesh merging
[2020.01.30-14.01.55:826][  0]LogMeshReduction: Using QuadricMeshReduction for automatic static mesh reduction
[2020.01.30-14.01.55:826][  0]LogMeshReduction: No automatic skeletal mesh reduction module available
[2020.01.30-14.01.55:826][  0]LogMeshReduction: No automatic mesh merging module available
[2020.01.30-14.01.55:826][  0]LogMeshMerging: No automatic mesh merging module available
[2020.01.30-14.02.04:699][  0]LogAssetRegistry: Error: Failed to open file for write ../../../../../../MyDM 4.15 - 2 4.17 - 2/Intermediate/CachedAssetRegistry.bin
[2020.01.30-14.02.04:699][  0]LogNetVersion: MyDarckMistery , NetCL: 3573198, EngineNetVer: 2, GameNetVer: 0 (Checksum: 1143418664)
[2020.01.30-14.02.07:232][  0]LogAssetRegistry: Error: Failed to open file for write ../../../../../../MyDM 4.15 - 2 4.17 - 2/Intermediate/AssetRegistryCache/2657c409.bin
[2020.01.30-14.02.07:312][  0]LogAssetRegistry: Error: Failed to open file for write ../../../../../../MyDM 4.15 - 2 4.17 - 2/Intermediate/AssetRegistryCache/866581fd.bin
[2020.01.30-14.02.07:318][  0]LogAssetRegistry: Error: Failed to open file for write ../../../../../../MyDM 4.15 - 2 4.17 - 2/Intermediate/AssetRegistryCache/8c0e1344.bin
[2020.01.30-14.02.07:347][  0]LogPackageLocalizationCache: Processed 5 localized package path(s) for 1 prioritized culture(s) in 0.151373 seconds
[2020.01.30-14.02.07:353][  0]LogUObjectArray: 35825 objects as part of root set at end of initial load.
[2020.01.30-14.02.07:354][  0]LogUObjectAllocator: 7529112 out of 0 bytes used by permanent object pool.
[2020.01.30-14.02.07:354][  0]LogUObjectArray: CloseDisregardForGC: 0/0 objects in disregard for GC pool
[2020.01.30-14.02.07:541][  0]LogInit: WinSock: version 1.1 (2.2), MaxSocks=32767, MaxUdp=65467
[2020.01.30-14.02.44:788][  0]LogTcpMessaging: Initializing TcpMessaging bridge
[2020.01.30-14.02.44:901][  0]LogUdpMessaging: Initializing bridge on interface 0.0.0.0:0 to multicast group 230.0.0.1:6666.
[2020.01.30-14.02.47:123][  0]LogConfig: Warning: Failed to saved backup for config[InternationalizationExport]
[2020.01.30-14.02.48:062][  0]LogMaterial: Uniform references updated for custom material expression Custom.
[2020.01.30-14.02.50:515][  0]LogConfig: Warning: Failed to saved backup for config[SourceControlSettings]
[2020.01.30-14.02.50:517][  0]SourceControl: Source control is disabled
[2020.01.30-14.02.50:517][  0]SourceControl: Source control is disabled
[2020.01.30-14.02.50:699][  0]SourceControl: Source control is disabled
[2020.01.30-14.02.50:883][  0]SourceControl: Source control is disabled
[2020.01.30-14.02.53:097][  0]LogAndroidPermission: UAndroidPermissionCallbackProxy::GetInstance
[2020.01.30-14.02.53:878][  0]LogOcInput: OculusInput pre-init called
[2020.01.30-14.02.55:392][  0]LogEngine: Initializing Engine...
[2020.01.30-14.02.55:433][  0]LogHMD: Failed to initialize OpenVR with code 110
[2020.01.30-14.02.57:551][  0]LogStats: UGameplayTagsManager::ConstructGameplayTagTree: Construct from data asset -  0.000 s
[2020.01.30-14.02.57:562][  0]LogStats: UGameplayTagsManager::ConstructGameplayTagTree: GameplayTagTreeChangedEvent.Broadcast -  0.000 s
[2020.01.30-14.02.59:396][  0]LogAIModule: Creating AISystem for world Untitled
[2020.01.30-14.02.59:690][  0]LogInit: XAudio2 using 'Динамики (Realtek High Definition Audio)' : 2 channels at 48 kHz using 32 bits per sample (channel mask 0x3)
[2020.01.30-14.02.59:771][  0]LogInit: FAudioDevice initialized.
[2020.01.30-14.02.59:791][  0]LogDerivedDataCache: Error: Could not save memory cache C:/Users/user/AppData/Local/UnrealEngine/4.17/DerivedDataCache/Boot.ddc.
[2020.01.30-14.02.59:860][  0]LogInit: Texture streaming: Enabled
[2020.01.30-14.03.00:638][  0]LogEngineSessionManager: EngineSessionManager initialized
[2020.01.30-14.03.02:037][  0]LogInit: Transaction tracking system initialized
[2020.01.30-14.03.03:318][  0]BlueprintLog: New page: Editor Load
[2020.01.30-14.03.07:394][  0]LocalizationService: Localization service is disabled
[2020.01.30-14.03.10:767][  0]LogConsoleResponse: Display: 
[2020.01.30-14.03.17:337][  0]LogFileCache: Scanning file cache for directory 'C:/MyDM 4.15 - 2 4.17 - 2/Content/' took 0.05s
[2020.01.30-14.03.17:337][  0]LogCook: Display: Max memory allowance for cook 16384mb min free memory 0mb
[2020.01.30-14.03.17:337][  0]LogCook: Display: Mobile HDR setting 1
[2020.01.30-14.03.17:471][  0]LogGameplayTags: Display: UGameplayTagsManager::DoneAddingNativeTags. DelegateIsBound: 0
[2020.01.30-14.03.23:812][  0]SourceControl: Source control is disabled
[2020.01.30-14.03.26:262][  0]LogCollectionManager: Loaded 1 collections in 0.117973 seconds
[2020.01.30-14.03.26:530][  0]LogFileCache: Scanning file cache for directory 'C:/MyDM 4.15 - 2 4.17 - 2/Saved/Collections/' took 0.01s
[2020.01.30-14.03.26:530][  0]LogFileCache: Scanning file cache for directory 'C:/MyDM 4.15 - 2 4.17 - 2/Content/Developers/user/Collections/' took 0.01s
[2020.01.30-14.03.26:530][  0]LogFileCache: Scanning file cache for directory 'C:/MyDM 4.15 - 2 4.17 - 2/Content/Collections/' took 0.01s
[2020.01.30-14.03.26:530][  0]LogCollectionManager: Rebuilt the GUID cache for 1 collections in 0.000002 seconds
[2020.01.30-14.03.26:530][  0]LogCollectionManager: Rebuilt the hierarchy cache for 1 collections in 0.000001 seconds
[2020.01.30-14.03.26:543][  0]LogContentBrowser: Native class hierarchy populated in 0.0117 seconds. Added 2389 classes and 505 folders.
[2020.01.30-14.03.26:793][  0]LogContentBrowser: Native class hierarchy updated for 'WidgetCarousel' in 0.0009 seconds. Added 0 classes and 0 folders.
[2020.01.30-14.03.28:268][  0]LogContentBrowser: Native class hierarchy updated for 'AddContentDialog' in 0.0008 seconds. Added 0 classes and 0 folders.
[2020.01.30-14.03.28:456][  0]LogSlate: Took 0.014737 seconds to synchronously load lazily loaded font '../../../Engine/Content/Slate/Fonts/Roboto-Regular.ttf' (155K)
[2020.01.30-14.03.28:559][  0]LogSlate: Took 0.022766 seconds to synchronously load lazily loaded font '../../../Engine/Content/Slate/Fonts/Roboto-Bold.ttf' (160K)
[2020.01.30-14.03.28:617][  0]LogSlate: Took 0.014300 seconds to synchronously load lazily loaded font '../../../Engine/Content/Editor/Slate/Fonts/FontAwesome.ttf' (139K)
[2020.01.30-14.03.29:220][  0]LogRenderer: Reallocating scene render targets to support 900x616 Format 10 NumSamples 1 (Frame:1).
[2020.01.30-14.03.30:586][  0]LogContentBrowser: Native class hierarchy updated for 'HierarchicalLODOutliner' in 0.0009 seconds. Added 1 classes and 2 folders.
[2020.01.30-14.03.30:586][  0]LogLoad: (Engine Initialization) Total time: 144.76 seconds
[2020.01.30-14.03.30:586][  0]LogLoad: (Engine Initialization) Total Blueprint compile time: 0.00 seconds
[2020.01.30-14.03.30:632][  0]LogExternalProfiler: Found external profiler: VSPerf
[2020.01.30-14.03.30:632][  0]LogExternalProfiler: Using external profiler: VSPerf
[2020.01.30-14.03.31:123][  0]LogContentStreaming: Texture pool size now 3000 MB
[2020.01.30-14.03.31:361][  0]LogSlate: Took 0.009285 seconds to synchronously load lazily loaded font '../../../Engine/Content/Slate/Fonts/Roboto-Light.ttf' (159K)
[2020.01.30-14.03.34:122][  8]LogAssetRegistry: Asset discovery search completed in 107.9867 seconds
[2020.01.30-14.03.34:128][  8]LogCollectionManager: Rebuilt the object cache for 1 collections in 0.000002 seconds (found 0 objects)
[2020.01.30-14.03.34:128][  8]LogCollectionManager: Fixed up redirectors for 1 collections in 0.000092 seconds (updated 0 objects)
[2020.01.30-14.04.25:763][355]Cmd: QUIT_EDITOR
[2020.01.30-14.04.25:788][355]LogExit: Preparing to exit.
[2020.01.30-14.04.27:047][355]LogDirectoryWatcher: A directory notification for 'C:/MyDM 4.15 - 2 4.17 - 2/Content/' was aborted.
[2020.01.30-14.04.27:061][355]LogExit: Editor shut down
[2020.01.30-14.04.27:068][355]LogExit: Transaction tracking system shut down
[2020.01.30-14.04.27:254][355]LogDirectoryWatcher: A directory notification for '../../../Engine/Content/' was aborted.
[2020.01.30-14.04.27:254][355]LogDirectoryWatcher: A directory notification for '../../../../../../MyDM 4.15 - 2 4.17 - 2/Content/' was aborted.
[2020.01.30-14.04.27:254][355]LogDirectoryWatcher: A directory notification for '../../../Engine/Plugins/2D/Paper2D/Content/' was aborted.
[2020.01.30-14.04.27:254][355]LogDirectoryWatcher: A directory notification for '../../../Engine/Plugins/Runtime/Oculus/OculusVR/Content/' was aborted.
[2020.01.30-14.04.27:254][355]LogDirectoryWatcher: A directory notification for '../../../Engine/Plugins/Runtime/Steam/SteamVR/Content/' was aborted.
[2020.01.30-14.04.27:309][355]LogExit: Object subsystem successfully closed.
[2020.01.30-14.04.27:321][355]LogD3D11RHI: Shutdown
[2020.01.30-14.04.27:321][355]LogD3D11RHI: CleanupD3DDevice
[2020.01.30-14.04.27:383][355]LogD3D11RHI: ~FD3D11DynamicRHI
[2020.01.30-14.04.27:407][355]LogModuleManager: Shutting down and abandoning module HierarchicalLODOutliner (530)
[2020.01.30-14.04.27:407][355]LogModuleManager: Shutting down and abandoning module AddContentDialog (528)
[2020.01.30-14.04.27:407][355]LogDirectoryWatcher: A directory notification for 'C:/Program Files/Epic Games/UE_4.17/FeaturePacks/' was aborted.
[2020.01.30-14.04.27:408][355]LogModuleManager: Shutting down and abandoning module WidgetCarousel (527)
[2020.01.30-14.04.27:408][355]LogModuleManager: Shutting down and abandoning module EditorWidgets (524)
[2020.01.30-14.04.27:408][355]LogModuleManager: Shutting down and abandoning module CollectionManager (522)
[2020.01.30-14.04.27:408][355]LogDirectoryWatcher: A directory notification for 'C:/MyDM 4.15 - 2 4.17 - 2/Content/Collections/' was aborted.
[2020.01.30-14.04.27:408][355]LogDirectoryWatcher: A directory notification for 'C:/MyDM 4.15 - 2 4.17 - 2/Content/Developers/user/Collections/' was aborted.
[2020.01.30-14.04.27:408][355]LogDirectoryWatcher: A directory notification for 'C:/MyDM 4.15 - 2 4.17 - 2/Saved/Collections/' was aborted.
[2020.01.30-14.04.27:408][355]LogModuleManager: Shutting down and abandoning module SceneOutliner (520)
[2020.01.30-14.04.27:408][355]LogModuleManager: Shutting down and abandoning module WorldBrowser (518)
[2020.01.30-14.04.27:408][355]LogModuleManager: Shutting down and abandoning module FoliageEdit (516)
[2020.01.30-14.04.27:408][355]LogModuleManager: Shutting down and abandoning module LandscapeEditor (514)
[2020.01.30-14.04.27:408][355]LogModuleManager: Shutting down and abandoning module MeshPaintMode (512)
[2020.01.30-14.04.27:408][355]LogModuleManager: Shutting down and abandoning module SceneDepthPickerMode (510)
[2020.01.30-14.04.27:408][355]LogModuleManager: Shutting down and abandoning module ActorPickerMode (508)
[2020.01.30-14.04.27:408][355]LogModuleManager: Shutting down and abandoning module GeometryMode (506)
[2020.01.30-14.04.27:408][355]LogModuleManager: Shutting down and abandoning module TextureAlignMode (504)
[2020.01.30-14.04.27:408][355]LogModuleManager: Shutting down and abandoning module BspMode (502)
[2020.01.30-14.04.27:408][355]LogModuleManager: Shutting down and abandoning module PIEPreviewDeviceProfileSelector (500)
[2020.01.30-14.04.27:408][355]LogModuleManager: Shutting down and abandoning module HardwareSurvey (498)
[2020.01.30-14.04.27:408][355]LogModuleManager: Shutting down and abandoning module SequenceRecorderSections (496)
[2020.01.30-14.04.27:408][355]LogModuleManager: Shutting down and abandoning module AutomationWorker (494)
[2020.01.30-14.04.27:408][355]LogModuleManager: Shutting down and abandoning module MatineeToLevelSequence (492)
[2020.01.30-14.04.27:408][355]LogModuleManager: Shutting down and abandoning module LevelSequenceEditor (490)
[2020.01.30-14.04.27:408][355]LogModuleManager: Shutting down and abandoning module PlacementMode (489)
[2020.01.30-14.04.27:408][355]LogModuleManager: Shutting down and abandoning module WmfMediaFactory (486)
[2020.01.30-14.04.27:408][355]LogModuleManager: Shutting down and abandoning module WmfMediaEditor (484)
[2020.01.30-14.04.27:408][355]LogModuleManager: Shutting down and abandoning module AvfMediaFactory (482)
[2020.01.30-14.04.27:408][355]LogModuleManager: Shutting down and abandoning module AvfMediaEditor (480)
[2020.01.30-14.04.27:408][355]LogModuleManager: Shutting down and abandoning module AndroidMediaFactory (478)
[2020.01.30-14.04.27:408][355]LogModuleManager: Shutting down and abandoning module Media (477)
[2020.01.30-14.04.27:408][355]LogModuleManager: Shutting down and abandoning module AndroidMediaEditor (474)
[2020.01.30-14.04.27:408][355]LogModuleManager: Shutting down and abandoning module CharacterAI (472)
[2020.01.30-14.04.27:408][355]LogModuleManager: Shutting down and abandoning module AudioCapture (470)
[2020.01.30-14.04.27:408][355]LogModuleManager: Shutting down and abandoning module SequenceRecorder (469)
[2020.01.30-14.04.27:409][355]LogModuleManager: Shutting down and abandoning module SmartSnapping (466)
[2020.01.30-14.04.27:409][355]LogModuleManager: Shutting down and abandoning module SessionServices (464)
[2020.01.30-14.04.27:409][355]LogModuleManager: Shutting down and abandoning module ViewportSnapping (462)
[2020.01.30-14.04.27:409][355]LogModuleManager: Shutting down and abandoning module ViewportInteraction (460)
[2020.01.30-14.04.27:409][355]LogModuleManager: Shutting down and abandoning module ClothPainter (458)
[2020.01.30-14.04.27:409][355]LogModuleManager: Shutting down and abandoning module LogVisualizer (456)
[2020.01.30-14.04.27:409][355]LogModuleManager: Shutting down and abandoning module IntroTutorials (454)
[2020.01.30-14.04.27:409][355]LogModuleManager: Shutting down and abandoning module GameProjectGeneration (453)
[2020.01.30-14.04.27:409][355]LogModuleManager: Shutting down and abandoning module IOSPlatformEditor (450)
[2020.01.30-14.04.27:409][355]LogModuleManager: Shutting down and abandoning module HTML5PlatformEditor (448)
[2020.01.30-14.04.27:409][355]LogModuleManager: Shutting down and abandoning module AndroidPlatformEditor (446)
[2020.01.30-14.04.27:409][355]LogModuleManager: Shutting down and abandoning module AndroidDeviceDetection (445)
[2020.01.30-14.04.27:779][355]LogModuleManager: Shutting down and abandoning module WindowsPlatformEditor (442)
[2020.01.30-14.04.27:779][355]LogModuleManager: Shutting down and abandoning module IOSRuntimeSettings (440)
[2020.01.30-14.04.27:779][355]LogModuleManager: Shutting down and abandoning module AndroidRuntimeSettings (438)
[2020.01.30-14.04.27:779][355]LogModuleManager: Shutting down and abandoning module InputBindingEditor (436)
[2020.01.30-14.04.27:779][355]LogModuleManager: Shutting down and abandoning module MergeActors (434)
[2020.01.30-14.04.27:779][355]LogModuleManager: Shutting down and abandoning module SizeMap (432)
[2020.01.30-14.04.27:779][355]LogModuleManager: Shutting down and abandoning module TreeMap (430)
[2020.01.30-14.04.27:779][355]LogModuleManager: Shutting down and abandoning module ReferenceViewer (428)
[2020.01.30-14.04.27:779][355]LogModuleManager: Shutting down and abandoning module LocalizationDashboard (426)
[2020.01.30-14.04.27:779][355]LogModuleManager: Shutting down and abandoning module LocalizationService (425)
[2020.01.30-14.04.27:779][355]LogModuleManager: Shutting down and abandoning module HardwareTargeting (422)
[2020.01.30-14.04.27:779][355]LogModuleManager: Shutting down and abandoning module DeviceProfileEditor (420)
[2020.01.30-14.04.27:779][355]LogModuleManager: Shutting down and abandoning module UndoHistory (418)
[2020.01.30-14.04.27:779][355]LogModuleManager: Shutting down and abandoning module XmlParser (416)
[2020.01.30-14.04.27:779][355]LogModuleManager: Shutting down and abandoning module Blutility (414)
[2020.01.30-14.04.27:779][355]LogModuleManager: Shutting down and abandoning module ProjectSettingsViewer (412)
[2020.01.30-14.04.27:779][355]LogModuleManager: Shutting down and abandoning module ProjectTargetPlatformEditor (411)
[2020.01.30-14.04.27:780][355]LogModuleManager: Shutting down and abandoning module EditorSettingsViewer (408)
[2020.01.30-14.04.27:780][355]LogModuleManager: Shutting down and abandoning module SettingsEditor (406)
[2020.01.30-14.04.27:780][355]LogModuleManager: Shutting down and abandoning module ProjectLauncher (404)
[2020.01.30-14.04.27:780][355]LogModuleManager: Shutting down and abandoning module SessionFrontend (402)
[2020.01.30-14.04.27:780][355]LogModuleManager: Shutting down and abandoning module ProfilerClient (400)
[2020.01.30-14.04.27:780][355]LogModuleManager: Shutting down and abandoning module DeviceManager (398)
[2020.01.30-14.04.27:780][355]LogModuleManager: Shutting down and abandoning module TargetDeviceServices (397)
[2020.01.30-14.04.27:830][355]LogModuleManager: Shutting down and abandoning module AutomationController (394)
[2020.01.30-14.04.27:830][355]LogModuleManager: Shutting down and abandoning module AutomationWindow (392)
[2020.01.30-14.04.27:830][355]LogModuleManager: Shutting down and abandoning module Layers (390)
[2020.01.30-14.04.27:830][355]LogModuleManager: Shutting down and abandoning module ComponentVisualizers (388)
[2020.01.30-14.04.27:830][355]LogModuleManager: Shutting down and abandoning module DetailCustomizations (386)
[2020.01.30-14.04.27:830][355]LogModuleManager: Shutting down and abandoning module PackagesDialog (384)
[2020.01.30-14.04.27:830][355]LogModuleManager: Shutting down and abandoning module Persona (382)
[2020.01.30-14.04.27:830][355]LogModuleManager: Shutting down and abandoning module AdvancedPreviewScene (381)
[2020.01.30-14.04.27:830][355]LogModuleManager: Shutting down and abandoning module AnimGraph (379)
[2020.01.30-14.04.27:830][355]LogModuleManager: Shutting down and abandoning module Kismet (376)
[2020.01.30-14.04.27:830][355]LogModuleManager: Shutting down and abandoning module ClassViewer (374)
[2020.01.30-14.04.27:830][355]LogModuleManager: Shutting down and abandoning module Toolbox (372)
[2020.01.30-14.04.27:830][355]LogModuleManager: Shutting down and abandoning module ModuleUI (370)
[2020.01.30-14.04.27:830][355]LogModuleManager: Shutting down and abandoning module MovieSceneTools (368)
[2020.01.30-14.04.27:830][355]LogModuleManager: Shutting down and abandoning module OutputLog (366)
[2020.01.30-14.04.27:830][355]LogModuleManager: Shutting down and abandoning module GammaUI (364)
[2020.01.30-14.04.27:830][355]LogModuleManager: Shutting down and abandoning module Documentation (362)
[2020.01.30-14.04.27:830][355]LogModuleManager: Shutting down and abandoning module MovieSceneTracks (360)
[2020.01.30-14.04.27:830][355]LogModuleManager: Shutting down and abandoning module MovieScene (358)
[2020.01.30-14.04.27:830][355]LogModuleManager: Shutting down and abandoning module Niagara (356)
[2020.01.30-14.04.27:830][355]LogModuleManager: Shutting down and abandoning module NiagaraEditor (355)
[2020.01.30-14.04.27:830][355]LogModuleManager: Shutting down and abandoning module StreamingPauseRendering (352)
[2020.01.30-14.04.27:830][355]LogModuleManager: Shutting down and abandoning module LauncherPlatform (350)
[2020.01.30-14.04.27:830][355]LogModuleManager: Shutting down and abandoning module AnalyticsET (348)
[2020.01.30-14.04.27:830][355]LogModuleManager: Shutting down and abandoning module PortalServices (346)
[2020.01.30-14.04.27:830][355]LogModuleManager: Shutting down and abandoning module PortalRpc (344)
[2020.01.30-14.04.27:830][355]LogModuleManager: Shutting down and abandoning module MessagingRpc (342)
[2020.01.30-14.04.27:830][355]LogModuleManager: Shutting down and abandoning module AIModule (340)
[2020.01.30-14.04.27:830][355]LogModuleManager: Shutting down and abandoning module GameplayDebugger (339)
[2020.01.30-14.04.27:830][355]LogModuleManager: Shutting down and abandoning module AITestSuite (337)
[2020.01.30-14.04.27:830][355]LogModuleManager: Shutting down and abandoning module ProfilerService (334)
[2020.01.30-14.04.27:940][355]LogModuleManager: Shutting down and abandoning module TaskGraph (332)
[2020.01.30-14.04.27:940][355]LogModuleManager: Shutting down and abandoning module SteamVRController (330)
[2020.01.30-14.04.27:940][355]LogModuleManager: Shutting down and abandoning module ProceduralMeshComponentEditor (328)
[2020.01.30-14.04.27:940][355]LogModuleManager: Shutting down and abandoning module ProceduralMeshComponent (326)
[2020.01.30-14.04.27:940][355]LogModuleManager: Shutting down and abandoning module OculusInput (324)
[2020.01.30-14.04.27:940][355]LogModuleManager: Shutting down and abandoning module MobilePatchingUtils (322)
[2020.01.30-14.04.27:940][355]LogModuleManager: Shutting down and abandoning module CustomMeshComponent (320)
[2020.01.30-14.04.27:940][355]LogModuleManager: Shutting down and abandoning module CableComponent (318)
[2020.01.30-14.04.27:940][355]LogModuleManager: Shutting down and abandoning module ArchVisCharacter (316)
[2020.01.30-14.04.27:940][355]LogModuleManager: Shutting down and abandoning module AndroidPermission (314)
[2020.01.30-14.04.27:940][355]LogModuleManager: Shutting down and abandoning module MediaPlayerEditor (310)
[2020.01.30-14.04.27:940][355]LogModuleManager: Shutting down and abandoning module HTML5Networking (308)
[2020.01.30-14.04.27:941][355]LogModuleManager: Shutting down and abandoning module AlembicImporter (306)
[2020.01.30-14.04.27:941][355]LogModuleManager: Shutting down and abandoning module AlembicLibrary (305)
[2020.01.30-14.04.27:941][355]LogModuleManager: Shutting down and abandoning module GeometryCache (304)
[2020.01.30-14.04.27:941][355]LogModuleManager: Shutting down and abandoning module GeometryCacheEd (303)
[2020.01.30-14.04.27:941][355]LogModuleManager: Shutting down and abandoning module SpeedTreeImporter (298)
[2020.01.30-14.04.27:941][355]LogModuleManager: Shutting down and abandoning module PluginBrowser (296)
[2020.01.30-14.04.27:941][355]LogModuleManager: Shutting down and abandoning module MobileLauncherProfileWizard (294)
[2020.01.30-14.04.27:941][355]LogModuleManager: Shutting down and abandoning module VisualStudioSourceCodeAccess (292)
[2020.01.30-14.04.27:941][355]LogModuleManager: Shutting down and abandoning module DesktopPlatform (291)
[2020.01.30-14.04.27:941][355]LogModuleManager: Shutting down and abandoning module UObjectPlugin (288)
[2020.01.30-14.04.27:941][355]LogModuleManager: Shutting down and abandoning module SubversionSourceControl (286)
[2020.01.30-14.04.27:941][355]LogModuleManager: Shutting down and abandoning module PerforceSourceControl (284)
[2020.01.30-14.04.27:941][355]LogModuleManager: Shutting down and abandoning module GitSourceControl (282)
[2020.01.30-14.04.27:941][355]LogModuleManager: Shutting down and abandoning module SourceControl (281)
[2020.01.30-14.04.27:941][355]LogModuleManager: Shutting down and abandoning module LightPropagationVolumeEditor (278)
[2020.01.30-14.04.27:941][355]LogModuleManager: Shutting down and abandoning module PaperTiledImporter (276)
[2020.01.30-14.04.27:941][355]LogModuleManager: Shutting down and abandoning module PaperSpriteSheetImporter (274)
[2020.01.30-14.04.27:941][355]LogModuleManager: Shutting down and abandoning module Paper2DEditor (272)
[2020.01.30-14.04.27:941][355]LogModuleManager: Shutting down and abandoning module MeshPaint (271)
[2020.01.30-14.04.27:941][355]LogModuleManager: Shutting down and abandoning module LevelEditor (269)
[2020.01.30-14.04.27:942][355]LogModuleManager: Shutting down and abandoning module PixelInspectorModule (268)
[2020.01.30-14.04.27:942][355]LogModuleManager: Shutting down and abandoning module MainFrame (266)
[2020.01.30-14.04.27:942][355]LogModuleManager: Shutting down and abandoning module HotReload (265)
[2020.01.30-14.04.27:943][355]LogModuleManager: Shutting down and abandoning module RuntimePhysXCooking (260)
[2020.01.30-14.04.27:943][355]LogModuleManager: Shutting down and abandoning module PhysXVehiclesEditor (258)
[2020.01.30-14.04.27:943][355]LogModuleManager: Shutting down and abandoning module PhysXVehicles (256)
[2020.01.30-14.04.27:943][355]LogModuleManager: Shutting down and abandoning module OculusEditor (254)
[2020.01.30-14.04.27:943][355]LogModuleManager: Shutting down and abandoning module LocationServicesBPLibrary (252)
[2020.01.30-14.04.27:943][355]LogModuleManager: Shutting down and abandoning module ImmediatePhysicsEditor (250)
[2020.01.30-14.04.27:943][355]LogModuleManager: Shutting down and abandoning module ImmediatePhysics (248)
[2020.01.30-14.04.27:943][355]LogModuleManager: Shutting down and abandoning module UdpMessaging (246)
[2020.01.30-14.04.28:043][355]LogModuleManager: Shutting down and abandoning module TcpMessaging (244)
[2020.01.30-14.04.28:143][355]LogModuleManager: Shutting down and abandoning module GameplayTagsEditor (242)
[2020.01.30-14.04.28:143][355]LogModuleManager: Shutting down and abandoning module FacialAnimationEditor (240)
[2020.01.30-14.04.28:143][355]LogModuleManager: Shutting down and abandoning module FacialAnimation (238)
[2020.01.30-14.04.28:143][355]LogModuleManager: Shutting down and abandoning module AssetManagerEditor (236)
[2020.01.30-14.04.28:143][355]LogModuleManager: Shutting down and abandoning module GraphEditor (235)
[2020.01.30-14.04.28:143][355]LogModuleManager: Shutting down and abandoning module ContentBrowser (233)
[2020.01.30-14.04.28:144][355]LogModuleManager: Shutting down and abandoning module LightPropagationVolumeRuntime (230)
[2020.01.30-14.04.28:144][355]LogModuleManager: Shutting down and abandoning module Paper2D (228)
[2020.01.30-14.04.28:144][355]LogModuleManager: Shutting down and abandoning module WindowsMoviePlayer (226)
[2020.01.30-14.04.28:144][355]LogModuleManager: Shutting down and abandoning module WmfMedia (224)
[2020.01.30-14.04.28:144][355]LogModuleManager: Shutting down and abandoning module PacketHandler (222)
[2020.01.30-14.04.28:145][355]LogModuleManager: Shutting down and abandoning module ClothingSystemEditor (220)
[2020.01.30-14.04.28:145][355]LogModuleManager: Shutting down and abandoning module ClothingSystemRuntime (218)
[2020.01.30-14.04.28:145][355]LogModuleManager: Shutting down and abandoning module Overlay (216)
[2020.01.30-14.04.28:145][355]LogModuleManager: Shutting down and abandoning module OverlayEditor (215)
[2020.01.30-14.04.28:145][355]LogModuleManager: Shutting down and abandoning module MediaAssets (212)
[2020.01.30-14.04.28:145][355]LogModuleManager: Shutting down and abandoning module VREditor (210)
[2020.01.30-14.04.28:145][355]LogModuleManager: Shutting down and abandoning module StringTableEditor (208)
[2020.01.30-14.04.28:145][355]LogModuleManager: Shutting down and abandoning module GameplayTasksEditor (206)
[2020.01.30-14.04.28:145][355]LogModuleManager: Shutting down and abandoning module BehaviorTreeEditor (204)
[2020.01.30-14.04.28:145][355]LogModuleManager: Shutting down and abandoning module FunctionalTesting (202)
[2020.01.30-14.04.28:145][355]LogModuleManager: Shutting down and abandoning module CollisionAnalyzer (200)
[2020.01.30-14.04.28:145][355]LogModuleManager: Shutting down and abandoning module WorkspaceMenuStructure (199)
[2020.01.30-14.04.28:145][355]LogModuleManager: Shutting down and abandoning module UMG (196)
[2020.01.30-14.04.28:145][355]LogModuleManager: Shutting down and abandoning module UMGEditor (195)
[2020.01.30-14.04.28:145][355]LogModuleManager: Shutting down and abandoning module Sequencer (194)
[2020.01.30-14.04.28:145][355]LogModuleManager: Shutting down and abandoning module MessageLog (191)
[2020.01.30-14.04.28:145][355]LogModuleManager: Shutting down and abandoning module SlateReflector (186)
[2020.01.30-14.04.28:146][355]LogModuleManager: Shutting down and abandoning module Slate (184)
[2020.01.30-14.04.28:146][355]LogModuleManager: Shutting down and abandoning module EditorStyle (182)
[2020.01.30-14.04.28:148][355]LogModuleManager: Shutting down and abandoning module MRMesh (180)
[2020.01.30-14.04.28:148][355]LogModuleManager: Shutting down and abandoning module SourceCodeAccess (178)
[2020.01.30-14.04.28:148][355]LogModuleManager: Shutting down and abandoning module HeadMountedDisplay (176)
[2020.01.30-14.04.28:149][355]LogModuleManager: Shutting down and abandoning module XAudio2 (174)
[2020.01.30-14.04.28:149][355]LogModuleManager: Shutting down and abandoning module Networking (172)
[2020.01.30-14.04.28:149][355]LogModuleManager: Shutting down and abandoning module Core (168)
[2020.01.30-14.04.28:149][355]LogModuleManager: Shutting down and abandoning module KismetCompiler (164)
[2020.01.30-14.04.28:149][355]LogModuleManager: Shutting down and abandoning module MeshUtilities (162)
[2020.01.30-14.04.28:149][355]LogModuleManager: Shutting down and abandoning module MeshMergeUtilities (161)
[2020.01.30-14.04.28:149][355]LogModuleManager: Shutting down and abandoning module MeshReductionInterface (160)
[2020.01.30-14.04.28:149][355]LogModuleManager: Shutting down and abandoning module SimplygonSwarm (159)
[2020.01.30-14.04.28:149][355]LogModuleManager: Shutting down and abandoning module SimplygonMeshReduction (157)
[2020.01.30-14.04.28:149][355]LogModuleManager: Shutting down and abandoning module QuadricMeshReduction (155)
[2020.01.30-14.04.28:149][355]LogModuleManager: Shutting down and abandoning module MaterialBaking (151)
[2020.01.30-14.04.28:149][355]LogModuleManager: Shutting down and abandoning module LevelSequence (148)
[2020.01.30-14.04.28:149][355]LogModuleManager: Shutting down and abandoning module DirectoryWatcher (146)
[2020.01.30-14.04.28:149][355]LogModuleManager: Shutting down and abandoning module DerivedDataCache (144)
[2020.01.30-14.04.28:170][355]LogDerivedDataCache: Shutdown
[2020.01.30-14.04.28:170][355]LogModuleManager: Shutting down and abandoning module TargetPlatform (142)
[2020.01.30-14.04.28:170][355]LogModuleManager: Shutting down and abandoning module VulkanShaderFormat (141)
[2020.01.30-14.04.28:170][355]LogModuleManager: Shutting down and abandoning module ShaderFormatVectorVM (139)
[2020.01.30-14.04.28:170][355]LogModuleManager: Shutting down and abandoning module ShaderFormatOpenGL (137)
[2020.01.30-14.04.28:170][355]LogModuleManager: Shutting down and abandoning module ShaderFormatD3D (135)
[2020.01.30-14.04.28:170][355]LogModuleManager: Shutting down and abandoning module MetalShaderFormat (133)
[2020.01.30-14.04.28:170][355]LogModuleManager: Shutting down and abandoning module TextureFormatUncompressed (131)
[2020.01.30-14.04.28:170][355]LogModuleManager: Shutting down and abandoning module TextureFormatPVR (129)
[2020.01.30-14.04.28:170][355]LogModuleManager: Shutting down and abandoning module TextureFormatDXT (127)
[2020.01.30-14.04.28:170][355]LogModuleManager: Shutting down and abandoning module TextureFormatIntelISPCTexComp (125)
[2020.01.30-14.04.28:170][355]LogModuleManager: Shutting down and abandoning module TextureFormatASTC (123)
[2020.01.30-14.04.28:170][355]LogModuleManager: Shutting down and abandoning module ImageWrapper (122)
[2020.01.30-14.04.28:170][355]LogModuleManager: Shutting down and abandoning module TextureFormatAndroid (119)
[2020.01.30-14.04.28:170][355]LogModuleManager: Shutting down and abandoning module AudioFormatOpus (117)
[2020.01.30-14.04.28:170][355]LogModuleManager: Shutting down and abandoning module AudioFormatOgg (115)
[2020.01.30-14.04.28:170][355]LogModuleManager: Shutting down and abandoning module AudioFormatADPCM (113)
[2020.01.30-14.04.28:170][355]LogModuleManager: Shutting down and abandoning module LinuxTargetPlatform (111)
[2020.01.30-14.04.28:170][355]LogModuleManager: Shutting down and abandoning module LinuxServerTargetPlatform (109)
[2020.01.30-14.04.28:170][355]LogModuleManager: Shutting down and abandoning module LinuxNoEditorTargetPlatform (107)
[2020.01.30-14.04.28:170][355]LogModuleManager: Shutting down and abandoning module LinuxClientTargetPlatform (105)
[2020.01.30-14.04.28:170][355]LogModuleManager: Shutting down and abandoning module TVOSTargetPlatform (103)
[2020.01.30-14.04.28:170][355]LogModuleManager: Shutting down and abandoning module Messaging (101)
[2020.01.30-14.04.28:170][355]LogModuleManager: Shutting down and abandoning module IOSTargetPlatform (99)
[2020.01.30-14.04.28:170][355]LogModuleManager: Shutting down and abandoning module HTML5TargetPlatform (97)
[2020.01.30-14.04.28:171][355]LogModuleManager: Shutting down and abandoning module Android_PVRTCTargetPlatform (95)
[2020.01.30-14.04.28:171][355]LogModuleManager: Shutting down and abandoning module Android_MultiTargetPlatform (93)
[2020.01.30-14.04.28:171][355]LogModuleManager: Shutting down and abandoning module Android_ETC2TargetPlatform (91)
[2020.01.30-14.04.28:171][355]LogModuleManager: Shutting down and abandoning module Android_ETC1TargetPlatform (89)
[2020.01.30-14.04.28:171][355]LogModuleManager: Shutting down and abandoning module Android_DXTTargetPlatform (87)
[2020.01.30-14.04.28:171][355]LogModuleManager: Shutting down and abandoning module Android_ATCTargetPlatform (85)
[2020.01.30-14.04.28:171][355]LogModuleManager: Shutting down and abandoning module Android_ASTCTargetPlatform (83)
[2020.01.30-14.04.28:171][355]LogModuleManager: Shutting down and abandoning module AndroidTargetPlatform (81)
[2020.01.30-14.04.28:171][355]LogModuleManager: Shutting down and abandoning module WindowsTargetPlatform (79)
[2020.01.30-14.04.28:171][355]LogModuleManager: Shutting down and abandoning module WindowsServerTargetPlatform (77)
[2020.01.30-14.04.28:171][355]LogModuleManager: Shutting down and abandoning module WindowsNoEditorTargetPlatform (75)
[2020.01.30-14.04.28:171][355]LogModuleManager: Shutting down and abandoning module WindowsClientTargetPlatform (73)
[2020.01.30-14.04.28:171][355]LogModuleManager: Shutting down and abandoning module MacTargetPlatform (71)
[2020.01.30-14.04.28:171][355]LogModuleManager: Shutting down and abandoning module MacServerTargetPlatform (69)
[2020.01.30-14.04.28:171][355]LogModuleManager: Shutting down and abandoning module MacNoEditorTargetPlatform (67)
[2020.01.30-14.04.28:171][355]LogModuleManager: Shutting down and abandoning module MacClientTargetPlatform (65)
[2020.01.30-14.04.28:171][355]LogModuleManager: Shutting down and abandoning module AllDesktopTargetPlatform (63)
[2020.01.30-14.04.28:171][355]LogModuleManager: Shutting down and abandoning module InputCore (60)
[2020.01.30-14.04.28:171][355]LogModuleManager: Shutting down and abandoning module Settings (58)
[2020.01.30-14.04.28:171][355]LogModuleManager: Shutting down and abandoning module PhysXCooking (56)
[2020.01.30-14.04.28:171][355]LogModuleManager: Shutting down and abandoning module SteamVR (54)
[2020.01.30-14.04.28:171][355]LogModuleManager: Shutting down and abandoning module OculusHMD (52)
[2020.01.30-14.04.28:171][355]LogModuleManager: Shutting down and abandoning module ExampleDeviceProfileSelector (50)
[2020.01.30-14.04.28:171][355]LogModuleManager: Shutting down and abandoning module OnlineBlueprintSupport (48)
[2020.01.30-14.04.28:171][355]LogModuleManager: Shutting down and abandoning module OnlineSubsystem (44)
[2020.01.30-14.04.28:171][355]LogOnline: Display: Unloading online subsystem: NULL
[2020.01.30-14.04.28:171][355]LogModuleManager: Shutting down and abandoning module XMPP (43)
[2020.01.30-14.04.28:171][355]LogModuleManager: Shutting down and abandoning module HTTP (41)
[2020.01.30-14.04.28:171][355]LogHttp: Display: Http module shutting down, but needs to wait on 1 outstanding Http requests:
[2020.01.30-14.04.28:171][355]LogHttp: Display: 	verb=[POST] url=[https://datarouter.ol.epicgames.com/datarouter/api/v1/public/data?SessionID=%7B6F6370DA-4A15-1770-C9AB-64B36431CEA7%7D&AppID=UEEditor.Rocket.Release&AppVersion=4.17.2-3658906%2B%2B%2BUE4%2BRelease-4.17&UserID=971d9d614bfaebf39776aaada30de4ef%7Cb1592e703d8b43ad8c3e4a14b603f55e%7Ca5f5f084-4793-41a1-b0d6-213ebca596c6&AppEnvironment=datacollector-binary&UploadType=eteventstream] status=Processing
[2020.01.30-14.04.28:187][355]LogModuleManager: Shutting down and abandoning module SSL (40)
[2020.01.30-14.04.28:188][355]LogModuleManager: Shutting down and abandoning module AnimationModifiers (36)
[2020.01.30-14.04.28:188][355]LogModuleManager: Shutting down and abandoning module PropertyEditor (35)
[2020.01.30-14.04.28:188][355]LogModuleManager: Shutting down and abandoning module AudioEditor (32)
[2020.01.30-14.04.28:188][355]LogModuleManager: Shutting down and abandoning module TextureCompressor (30)
[2020.01.30-14.04.28:188][355]LogModuleManager: Shutting down and abandoning module ShaderCore (28)
[2020.01.30-14.04.28:188][355]LogModuleManager: Shutting down and abandoning module Landscape (26)
[2020.01.30-14.04.28:188][355]LogModuleManager: Shutting down and abandoning module SlateRHIRenderer (24)
[2020.01.30-14.04.28:189][355]LogModuleManager: Shutting down and abandoning module OpenGLDrv (22)
[2020.01.30-14.04.28:189][355]LogModuleManager: Shutting down and abandoning module D3D11RHI (20)
[2020.01.30-14.04.28:189][355]LogModuleManager: Shutting down and abandoning module AnimGraphRuntime (18)
[2020.01.30-14.04.28:189][355]LogModuleManager: Shutting down and abandoning module Renderer (16)
[2020.01.30-14.04.28:189][355]LogModuleManager: Shutting down and abandoning module Engine (14)
[2020.01.30-14.04.28:189][355]LogModuleManager: Shutting down and abandoning module CoreUObject (12)
[2020.01.30-14.04.28:189][355]LogModuleManager: Shutting down and abandoning module NetworkFile (10)
[2020.01.30-14.04.28:189][355]LogModuleManager: Shutting down and abandoning module CookedIterativeFile (8)
[2020.01.30-14.04.28:189][355]LogModuleManager: Shutting down and abandoning module StreamingFile (6)
[2020.01.30-14.04.28:189][355]LogModuleManager: Shutting down and abandoning module SandboxFile (4)
[2020.01.30-14.04.28:189][355]LogModuleManager: Shutting down and abandoning module PakFile (2)
[2020.01.30-14.04.28:191][355]LogExit: Exiting.
[2020.01.30-14.04.28:221][355]Log file closed, 01/30/20 17:04:28
